\BOOKMARK [1][]{section.1}{\376\377\0001\000\040\254\034\306\224}{}% 1
\BOOKMARK [2][]{subsection.1.1}{\376\377\0001\000.\0001\000\040\307\164\270\140\310\001\000\040\307\164\325\164}{section.1}% 2
\BOOKMARK [2][]{subsection.1.2}{\376\377\0001\000.\0002\000\040\275\204\301\035\000\040\274\051\274\225\000\040\307\164\325\164}{section.1}% 3
\BOOKMARK [1][]{section.2}{\376\377\0002\000\040\307\164\270\140\310\001\000\040\256\060\274\030\254\374\000\040\325\164\301\035\310\001\000\040\271\345\267\175}{}% 4
\BOOKMARK [2][]{subsection.2.1}{2.1\040Policy}{section.2}% 5
\BOOKMARK [3][]{subsubsection.2.1.1}{\376\377\0002\000.\0001\000.\0001\000\040\265\024\311\300\321\070\000\040\254\251\314\050\307\130\000\040\306\001\325\245\000\040\306\224\307\170\000:\000\040\254\034\307\170\000\040\322\271\301\061\254\374\000\040\311\300\305\355\000\040\310\160\254\164}{subsection.2.1}% 6
\BOOKMARK [3][]{subsubsection.2.1.2}{\376\377\0002\000.\0001\000.\0002\000\040\310\025\314\105\310\001\000\040\255\154\275\204\000:\000\040\300\254\267\214\000\040\256\060\274\030\000\040\310\021\255\374\000,\000\040\307\245\301\214\000\040\256\060\274\030\000\040\310\021\255\374\000,\000\040\307\245\301\214\273\374\254\020\310\001\000\040\310\021\255\374}{subsection.2.1}% 7
\BOOKMARK [3][]{subsubsection.2.1.3}{\376\377\0002\000.\0001\000.\0003\000\040\272\124\320\300\307\164\270\140\310\001\000\040\322\300\000:\000\040\276\104\323\020\310\001\000\040\302\344\307\254\270\140\307\130\000\040\316\065\326\124\264\034\000\040\310\164\307\254\270\140}{subsection.2.1}% 8
\BOOKMARK [2][]{subsection.2.2}{2.2\040Seoul}{section.2}% 9
\BOOKMARK [3][]{subsubsection.2.2.1}{\376\377\0002\000.\0002\000.\0001\000\040\263\304\302\334\270\134\301\034\307\130\000\040\301\034\306\270}{subsection.2.2}% 10
\BOOKMARK [3][]{subsubsection.2.2.2}{\376\377\0002\000.\0002\000.\0002\000\040\305\360\254\260\301\061\000\040\254\251\314\050\000\040\326\004\326\151\254\374\000\040\255\000\270\050\000\040\274\225\270\071\000\040\274\017\000\040\310\025\314\105\000\040\326\004\326\151}{subsection.2.2}% 11
\BOOKMARK [1][]{section.3}{\376\377\0003\000\040\275\204\301\035}{}% 12
\BOOKMARK [2][]{subsection.3.1}{\376\377\0003\000.\0001\000\040\301\034\306\270\307\130\000\040\000U\000M\000C\000\040\311\300\305\355\000\040\254\251\314\050}{section.3}% 13
\BOOKMARK [3][]{subsubsection.3.1.1}{\376\377\0003\000.\0001\000.\0001\000\040\316\041\310\025\000\040\311\300\324\134\000\040\274\017\000\040\263\160\307\164\321\060}{subsection.3.1}% 14
\BOOKMARK [3][]{subsubsection.3.1.2}{\376\377\0003\000.\0001\000.\0002\000\040\316\041\310\025\000\040\311\300\324\134\000\040\311\300\302\030\326\124}{subsection.3.1}% 15
\BOOKMARK [3][]{subsubsection.3.1.3}{\376\377\0003\000.\0001\000.\0003\000\040\311\300\305\355\274\304\000\040\000U\000M\000C\000\040\311\300\302\030\000\040\322\271\301\061}{subsection.3.1}% 16
\BOOKMARK [2][]{subsection.3.2}{\376\377\0003\000.\0002\000\040\254\034\307\170\000\040\274\017\000\040\311\300\305\355\000\040\322\271\301\061\254\374\000\040\265\024\311\300\321\070\000\040\305\360\254\260\301\061}{section.3}% 17
\BOOKMARK [3][]{subsubsection.3.2.1}{\376\377\0003\000.\0002\000.\0001\000\040\274\300\302\030\000\040\255\154\301\061}{subsection.3.2}% 18
\BOOKMARK [3][]{subsubsection.3.2.2}{\376\377\0003\000.\0002\000.\0002\000\040\275\204\301\035\000\040\254\260\254\374}{subsection.3.2}% 19
\BOOKMARK [2][]{subsection.3.3}{\376\377\0003\000.\0003\000\040\325\014\267\253\323\374\000\040\321\115\302\244\322\270\000\040\275\204\301\035\000:\000\040\000L\000L\000M\000\040\256\060\274\030\000\040\265\024\311\300\321\070\000\040\305\360\254\260\301\061\000\040\300\254\270\100\275\204\301\035}{section.3}% 20
\BOOKMARK [3][]{subsubsection.3.3.1}{\376\377\0003\000.\0003\000.\0001\000\040\262\371\255\374\000\040\325\014\267\253\323\374\000\040\322\271\301\061}{subsection.3.3}% 21
\BOOKMARK [3][]{subsubsection.3.3.2}{\376\377\0003\000.\0003\000.\0002\000\040\306\134\000\040\000L\000L\000M\307\170\254\000\000:\000\040\256\060\310\164\000\040\274\051\274\225\270\140\307\130\000\040\325\134\254\304\306\100\000\040\000L\000L\000M\307\130\000\040\255\154\310\160\310\001\000\040\307\164\310\020}{subsection.3.3}% 22
\BOOKMARK [3][]{subsubsection.3.3.3}{\376\377\0003\000.\0003\000.\0003\000\040\275\204\301\035\000\040\255\154\310\160}{subsection.3.3}% 23
\BOOKMARK [3][]{subsubsection.3.3.4}{\376\377\0003\000.\0003\000.\0004\000\040\263\160\307\164\321\060\306\100\000\040\310\001\306\251\000\040\274\224\307\004}{subsection.3.3}% 24
\BOOKMARK [3][]{subsubsection.3.3.5}{\376\377\0003\000.\0003\000.\0005\000\040\275\204\301\035\000\040\254\260\254\374}{subsection.3.3}% 25
\BOOKMARK [2][]{subsection.3.4}{\376\377\0003\000.\0004\000\040\275\204\301\035\000\040\254\260\254\374\000\040\310\205\325\151}{section.3}% 26
\BOOKMARK [1][]{section.4}{\376\377\0004\000\040\310\025\314\105\000\040\310\034\305\270}{}% 27
\BOOKMARK [2][]{subsection.4.1}{\376\377\0004\000.\0001\000\040\310\025\314\105\000\040\310\034\305\270\307\130\000\040\307\164\270\140\310\001\000\040\325\004\270\010\307\204}{section.4}% 28
\BOOKMARK [2][]{subsection.4.2}{\376\377\0004\000.\0002\000\040\000P\000e\000o\000p\000l\000e\000-\000b\000a\000s\000e\000d\000\040\310\025\314\105\000\040\310\034\305\270}{section.4}% 29
\BOOKMARK [2][]{subsection.4.3}{\376\377\0004\000.\0003\000\040\000P\000l\000a\000c\000e\000-\000b\000a\000s\000e\000d\000\040\310\025\314\105\000\040\310\034\305\270}{section.4}% 30
\BOOKMARK [2][]{subsection.4.4}{\376\377\0004\000.\0004\000\040\321\265\325\151\310\001\000\040\310\025\314\105\000\040\310\034\305\270}{section.4}% 31
\BOOKMARK [1][]{section.5}{\376\377\0005\000\040\254\260\270\140}{}% 32
\BOOKMARK [2][]{subsection.5.1}{\376\377\0005\000.\0001\000\040\306\224\305\175}{section.5}% 33
\BOOKMARK [2][]{subsection.5.2}{\376\377\0005\000.\0002\000\040\325\134\254\304\306\100\000\040\325\245\326\304\000\040\254\374\310\034}{section.5}% 34
\BOOKMARK [1][]{subsection.5.2}{References}{}% 35
